Attributes queryable via snyh-pc:0.0:
  OperatingSystem: 0
  NvidiaDriverVersion: 352.79
  NvControlVersion: 1.29
  GLXServerVersion: 1.4
  GLXClientVersion: 1.4
  OpenGLVersion: 4.5.0 NVIDIA 352.79
  XRandRVersion: 1.5
  XF86VidModeVersion: 2.2
  XvVersion: 2.2
  TwinView: 0
  ConnectedDisplays: 0x00000800
  EnabledDisplays: 0x00000800
  AssociatedDisplays: 0x00001f01
  InitialPixmapPlacement: 2
  MultiGpuDisplayOwner: 0
  GlyphCache: 1
  Depth30Allowed: 1
  NoScanout: 0
  XServerUniqueId: 576070177
  PixmapCache: 1
  PixmapCacheRoundSizeKB: 1024
  AccelerateTrapezoids: 1
  ScreenPosition: x=0, y=0, width=1440, height=900
  SyncToVBlank: 1
  LogAniso: 0
  FSAA: 0
  TextureSharpen: 0
  TextureClamping: 1
  FXAA: 0
  AllowFlipping: 1
  FSAAAppControlled: 1
  LogAnisoAppControlled: 1
  OpenGLImageSettings: 1
  FSAAAppEnhanced: 0
  SliMosaicModeAvailable: 0
  BusType: 2
  PCIEMaxLinkSpeed: 5000
  PCIEMaxLinkWidth: 16
  PCIECurrentLinkSpeed: 5000
  PCIECurrentLinkWidth: 16
  VideoRam: 1048576
  Irq: 28
  CUDACores: 384
  GPUMemoryInterface: 128
  GPUCoreTemp: 35
  GPUCurrentClockFreqs: 1110,2500
  BusRate: 16
  PCIEGen: 2
  GPUErrors: 0
  GPUPowerSource: 0
  GPUCurrentPerfLevel: 2
  GPUAdaptiveClockState: 1
  ECCConfigurationSupported: 0
  GPUCurrentClockFreqsString: nvclock=1110, nvclockmin=551, nvclockmax=1110,
  nvclockeditable=0, memclock=2500, memclockmin=2500, memclockmax=2500, memclockeditable=0,
  memTransferRate=5000, memTransferRatemin=5000, memTransferRatemax=5000,
  memTransferRateeditable=0
  GPUPerfModes: perf=0, nvclock=324, nvclockmin=324, nvclockmax=324, nvclockeditable=0,
  memclock=324, memclockmin=324, memclockmax=324, memclockeditable=0, memTransferRate=648,
  memTransferRatemin=648, memTransferRatemax=648, memTransferRateeditable=0 ; perf=1,
  nvclock=540, nvclockmin=540, nvclockmax=540, nvclockeditable=0, memclock=810,
  memclockmin=810, memclockmax=810, memclockeditable=0, memTransferRate=1620,
  memTransferRatemin=1620, memTransferRatemax=1620, memTransferRateeditable=0 ; perf=2,
  nvclock=551, nvclockmin=551, nvclockmax=1110, nvclockeditable=0, memclock=2500,
  memclockmin=2500, memclockmax=2500, memclockeditable=0, memTransferRate=5000,
  memTransferRatemin=5000, memTransferRatemax=5000, memTransferRateeditable=0
  FrameLockAvailable: 0
  GvoSupported: 0
  IsGvoDisplay: 0
  DigitalVibrance: 0
  ImageSharpeningDefault: 127
  RefreshRate: 59.90 Hz
  RefreshRate3: 59.901 Hz
  ColorSpace: 0
  ColorRange: 0
  CurrentMetaModeID: 50
  CurrentMetaMode: id=50, switchable=yes, source=xconfig :: DPY-4: nvidia-auto-select
  @1440x900 +0+0 {ViewPortIn=1440x900, ViewPortOut=1440x900+0+0}
  XineramaInfoOrder: DVI-D-0
  XVideoSyncToDisplay: 0x00000800
  XVideoSyncToDisplayID: -1
Attributes queryable via snyh-pc:0[gpu:0]:
  OperatingSystem: 0
  NvidiaDriverVersion: 352.79
  ConnectedDisplays: 0x00000800
  EnabledDisplays: 0x00000800
  Depth30Allowed: 1
  NoScanout: 0
  SliMosaicModeAvailable: 0
  BusType: 2
  PCIEMaxLinkSpeed: 5000
  PCIEMaxLinkWidth: 16
  PCIECurrentLinkSpeed: 5000
  PCIECurrentLinkWidth: 16
  VideoRam: 1048576
  TotalDedicatedGPUMemory: 1023
  UsedDedicatedGPUMemory: 184
  Irq: 28
  CUDACores: 384
  GPUMemoryInterface: 128
  GPUCoreTemp: 35
  GPUCurrentClockFreqs: 1110,2500
  BusRate: 16
  PCIDomain: 0
  PCIBus: 1
  PCIDevice: 0
  PCIFunc: 0
  PCIID: 4318,4038
  PCIEGen: 2
  GPUPowerSource: 0
  GPUCurrentPerfLevel: 2
  GPUAdaptiveClockState: 1
  GPUPowerMizerMode: 2
  GPUPowerMizerDefaultMode: 0
  ECCSupported: 0
  ECCConfigurationSupported: 0
  BaseMosaic: 0
  MultiGpuMasterPossible: 0
  VideoEncoderUtilization: 0
  GPUCurrentClockFreqsString: nvclock=1110, nvclockmin=551, nvclockmax=1110,
  nvclockeditable=0, memclock=2500, memclockmin=2500, memclockmax=2500, memclockeditable=0,
  memTransferRate=5000, memTransferRatemin=5000, memTransferRatemax=5000,
  memTransferRateeditable=0
  GPUPerfModes: perf=0, nvclock=324, nvclockmin=324, nvclockmax=324, nvclockeditable=0,
  memclock=324, memclockmin=324, memclockmax=324, memclockeditable=0, memTransferRate=648,
  memTransferRatemin=648, memTransferRatemax=648, memTransferRateeditable=0 ; perf=1,
  nvclock=540, nvclockmin=540, nvclockmax=540, nvclockeditable=0, memclock=810,
  memclockmin=810, memclockmax=810, memclockeditable=0, memTransferRate=1620,
  memTransferRatemin=1620, memTransferRatemax=1620, memTransferRateeditable=0 ; perf=2,
  nvclock=551, nvclockmin=551, nvclockmax=1110, nvclockeditable=0, memclock=2500,
  memclockmin=2500, memclockmax=2500, memclockeditable=0, memTransferRate=5000,
  memTransferRatemin=5000, memTransferRatemax=5000, memTransferRateeditable=0
  GpuUUID: GPU-e215bb44-fa61-974a-337b-34f011417cd9
  GPUUtilization: graphics=1, memory=1, video=0, PCIe=0
  FrameLockAvailable: 0
  IsGvoDisplay: 0
  Dithering: 0
  CurrentDithering: 1
  DitheringMode: 0
  CurrentDitheringMode: 3
  DitheringDepth: 0
  CurrentDitheringDepth: 2
  DigitalVibrance: 0
  ImageSharpeningDefault: 127
  RefreshRate: 59.90 Hz
  RefreshRate3: 59.901 Hz
  ColorSpace: 0
  ColorRange: 0
  SynchronousPaletteUpdates: 0
  Hdmi3D: 0
Attributes queryable via snyh-pc:0[fan:0]:
  GPUCurrentFanSpeed: 50
  GPUFanControlType: 2
  GPUFanTarget: 0x00000007
Attributes queryable via snyh-pc:0[thermalsensor:0]:
  ThermalSensorReading: 35
  ThermalSensorProvider: 1
  ThermalSensorTarget: 1
Attributes queryable via snyh-pc:0[dpy:0]:
  FrameLockAvailable: 0
  FrameLockAvailable: 0
  FrameLockAvailable: 0
  FrameLockAvailable: 0
  FrameLockAvailable: 0
  FrameLockAvailable: 0
  FrameLockAvailable: 0
  FrameLockAvailable: 0
  FrameLockAvailable: 0
  FrameLockAvailable: 0
  FrameLockAvailable: 0
  FrameLockAvailable: 0
  FrameLockAvailable: 0
  FrameLockAvailable: 0
  FrameLockAvailable: 0
  FrameLockAvailable: 0
  FrameLockAvailable: 0
  FrameLockAvailable: 0
  FrameLockAvailable: 0
  FrameLockAvailable: 0
  FrameLockAvailable: 0
  FrameLockAvailable: 0
  FrameLockAvailable: 0
  FrameLockAvailable: 0
  IsGvoDisplay: 0
  IsGvoDisplay: 0
  IsGvoDisplay: 0
  IsGvoDisplay: 0
  IsGvoDisplay: 0
  IsGvoDisplay: 0
  IsGvoDisplay: 0
  IsGvoDisplay: 0
  IsGvoDisplay: 0
  IsGvoDisplay: 0
  IsGvoDisplay: 0
  IsGvoDisplay: 0
  IsGvoDisplay: 0
  IsGvoDisplay: 0
  IsGvoDisplay: 0
  IsGvoDisplay: 0
  IsGvoDisplay: 0
  IsGvoDisplay: 0
  IsGvoDisplay: 0
  IsGvoDisplay: 0
  IsGvoDisplay: 0
  IsGvoDisplay: 0
  IsGvoDisplay: 0
  IsGvoDisplay: 0
  Dithering: 0
  Dithering: 0
  Dithering: 0
  Dithering: 0
  Dithering: 0
  Dithering: 0
  Dithering: 0
  Dithering: 0
  Dithering: 0
  Dithering: 0
  Dithering: 0
  Dithering: 0
  Dithering: 0
  Dithering: 0
  Dithering: 0
  Dithering: 0
  Dithering: 0
  Dithering: 0
  Dithering: 0
  Dithering: 0
  Dithering: 0
  Dithering: 0
  Dithering: 0
  Dithering: 0
  CurrentDithering: 0
  CurrentDithering: 0
  CurrentDithering: 0
  CurrentDithering: 0
  CurrentDithering: 0
  CurrentDithering: 0
  CurrentDithering: 0
  CurrentDithering: 0
  CurrentDithering: 0
  CurrentDithering: 0
  CurrentDithering: 0
  CurrentDithering: 0
  CurrentDithering: 0
  CurrentDithering: 0
  CurrentDithering: 0
  CurrentDithering: 0
  CurrentDithering: 0
  CurrentDithering: 0
  CurrentDithering: 0
  CurrentDithering: 0
  CurrentDithering: 0
  CurrentDithering: 0
  CurrentDithering: 0
  CurrentDithering: 0
  DitheringMode: 0
  DitheringMode: 0
  DitheringMode: 0
  DitheringMode: 0
  DitheringMode: 0
  DitheringMode: 0
  DitheringMode: 0
  DitheringMode: 0
  DitheringMode: 0
  DitheringMode: 0
  DitheringMode: 0
  DitheringMode: 0
  DitheringMode: 0
  DitheringMode: 0
  DitheringMode: 0
  DitheringMode: 0
  DitheringMode: 0
  DitheringMode: 0
  DitheringMode: 0
  DitheringMode: 0
  DitheringMode: 0
  DitheringMode: 0
  DitheringMode: 0
  DitheringMode: 0
  CurrentDitheringMode: 0
  CurrentDitheringMode: 0
  CurrentDitheringMode: 0
  CurrentDitheringMode: 0
  CurrentDitheringMode: 0
  CurrentDitheringMode: 0
  CurrentDitheringMode: 0
  CurrentDitheringMode: 0
  CurrentDitheringMode: 0
  CurrentDitheringMode: 0
  CurrentDitheringMode: 0
  CurrentDitheringMode: 0
  CurrentDitheringMode: 0
  CurrentDitheringMode: 0
  CurrentDitheringMode: 0
  CurrentDitheringMode: 0
  CurrentDitheringMode: 0
  CurrentDitheringMode: 0
  CurrentDitheringMode: 0
  CurrentDitheringMode: 0
  CurrentDitheringMode: 0
  CurrentDitheringMode: 0
  CurrentDitheringMode: 0
  CurrentDitheringMode: 0
  DitheringDepth: 0
  DitheringDepth: 0
  DitheringDepth: 0
  DitheringDepth: 0
  DitheringDepth: 0
  DitheringDepth: 0
  DitheringDepth: 0
  DitheringDepth: 0
  DitheringDepth: 0
  DitheringDepth: 0
  DitheringDepth: 0
  DitheringDepth: 0
  DitheringDepth: 0
  DitheringDepth: 0
  DitheringDepth: 0
  DitheringDepth: 0
  DitheringDepth: 0
  DitheringDepth: 0
  DitheringDepth: 0
  DitheringDepth: 0
  DitheringDepth: 0
  DitheringDepth: 0
  DitheringDepth: 0
  DitheringDepth: 0
  CurrentDitheringDepth: 0
  CurrentDitheringDepth: 0
  CurrentDitheringDepth: 0
  CurrentDitheringDepth: 0
  CurrentDitheringDepth: 0
  CurrentDitheringDepth: 0
  CurrentDitheringDepth: 0
  CurrentDitheringDepth: 0
  CurrentDitheringDepth: 0
  CurrentDitheringDepth: 0
  CurrentDitheringDepth: 0
  CurrentDitheringDepth: 0
  CurrentDitheringDepth: 0
  CurrentDitheringDepth: 0
  CurrentDitheringDepth: 0
  CurrentDitheringDepth: 0
  CurrentDitheringDepth: 0
  CurrentDitheringDepth: 0
  CurrentDitheringDepth: 0
  CurrentDitheringDepth: 0
  CurrentDitheringDepth: 0
  CurrentDitheringDepth: 0
  CurrentDitheringDepth: 0
  CurrentDitheringDepth: 0
  SynchronousPaletteUpdates: 0
  SynchronousPaletteUpdates: 0
  SynchronousPaletteUpdates: 0
  SynchronousPaletteUpdates: 0
  SynchronousPaletteUpdates: 0
  SynchronousPaletteUpdates: 0
  SynchronousPaletteUpdates: 0
  SynchronousPaletteUpdates: 0
  SynchronousPaletteUpdates: 0
  SynchronousPaletteUpdates: 0
  SynchronousPaletteUpdates: 0
  SynchronousPaletteUpdates: 0
  SynchronousPaletteUpdates: 0
  SynchronousPaletteUpdates: 0
  SynchronousPaletteUpdates: 0
  SynchronousPaletteUpdates: 0
  SynchronousPaletteUpdates: 0
  SynchronousPaletteUpdates: 0
  SynchronousPaletteUpdates: 0
  SynchronousPaletteUpdates: 0
  SynchronousPaletteUpdates: 0
  SynchronousPaletteUpdates: 0
  SynchronousPaletteUpdates: 0
  SynchronousPaletteUpdates: 0
  RandROutputID: 638
  RandROutputID: 638
  RandROutputID: 638
  RandROutputID: 638
  RandROutputID: 638
  RandROutputID: 638
  RandROutputID: 638
  RandROutputID: 638
  RandROutputID: 638
  RandROutputID: 638
  RandROutputID: 638
  RandROutputID: 638
  RandROutputID: 638
  RandROutputID: 638
  RandROutputID: 638
  RandROutputID: 638
  RandROutputID: 638
  RandROutputID: 638
  RandROutputID: 638
  RandROutputID: 638
  RandROutputID: 638
  RandROutputID: 638
  RandROutputID: 638
  RandROutputID: 638
Attributes queryable via snyh-pc:0[dpy:1]:
  FrameLockAvailable: 0
  FrameLockAvailable: 0
  FrameLockAvailable: 0
  FrameLockAvailable: 0
  FrameLockAvailable: 0
  FrameLockAvailable: 0
  FrameLockAvailable: 0
  FrameLockAvailable: 0
  FrameLockAvailable: 0
  FrameLockAvailable: 0
  FrameLockAvailable: 0
  FrameLockAvailable: 0
  FrameLockAvailable: 0
  FrameLockAvailable: 0
  FrameLockAvailable: 0
  FrameLockAvailable: 0
  FrameLockAvailable: 0
  FrameLockAvailable: 0
  FrameLockAvailable: 0
  FrameLockAvailable: 0
  FrameLockAvailable: 0
  FrameLockAvailable: 0
  FrameLockAvailable: 0
  FrameLockAvailable: 0
  IsGvoDisplay: 0
  IsGvoDisplay: 0
  IsGvoDisplay: 0
  IsGvoDisplay: 0
  IsGvoDisplay: 0
  IsGvoDisplay: 0
  IsGvoDisplay: 0
  IsGvoDisplay: 0
  IsGvoDisplay: 0
  IsGvoDisplay: 0
  IsGvoDisplay: 0
  IsGvoDisplay: 0
  IsGvoDisplay: 0
  IsGvoDisplay: 0
  IsGvoDisplay: 0
  IsGvoDisplay: 0
  IsGvoDisplay: 0
  IsGvoDisplay: 0
  IsGvoDisplay: 0
  IsGvoDisplay: 0
  IsGvoDisplay: 0
  IsGvoDisplay: 0
  IsGvoDisplay: 0
  IsGvoDisplay: 0
  Dithering: 0
  Dithering: 0
  Dithering: 0
  Dithering: 0
  Dithering: 0
  Dithering: 0
  Dithering: 0
  Dithering: 0
  Dithering: 0
  Dithering: 0
  Dithering: 0
  Dithering: 0
  Dithering: 0
  Dithering: 0
  Dithering: 0
  Dithering: 0
  Dithering: 0
  Dithering: 0
  Dithering: 0
  Dithering: 0
  Dithering: 0
  Dithering: 0
  Dithering: 0
  Dithering: 0
  CurrentDithering: 0
  CurrentDithering: 0
  CurrentDithering: 0
  CurrentDithering: 0
  CurrentDithering: 0
  CurrentDithering: 0
  CurrentDithering: 0
  CurrentDithering: 0
  CurrentDithering: 0
  CurrentDithering: 0
  CurrentDithering: 0
  CurrentDithering: 0
  CurrentDithering: 0
  CurrentDithering: 0
  CurrentDithering: 0
  CurrentDithering: 0
  CurrentDithering: 0
  CurrentDithering: 0
  CurrentDithering: 0
  CurrentDithering: 0
  CurrentDithering: 0
  CurrentDithering: 0
  CurrentDithering: 0
  CurrentDithering: 0
  DitheringMode: 0
  DitheringMode: 0
  DitheringMode: 0
  DitheringMode: 0
  DitheringMode: 0
  DitheringMode: 0
  DitheringMode: 0
  DitheringMode: 0
  DitheringMode: 0
  DitheringMode: 0
  DitheringMode: 0
  DitheringMode: 0
  DitheringMode: 0
  DitheringMode: 0
  DitheringMode: 0
  DitheringMode: 0
  DitheringMode: 0
  DitheringMode: 0
  DitheringMode: 0
  DitheringMode: 0
  DitheringMode: 0
  DitheringMode: 0
  DitheringMode: 0
  DitheringMode: 0
  CurrentDitheringMode: 0
  CurrentDitheringMode: 0
  CurrentDitheringMode: 0
  CurrentDitheringMode: 0
  CurrentDitheringMode: 0
  CurrentDitheringMode: 0
  CurrentDitheringMode: 0
  CurrentDitheringMode: 0
  CurrentDitheringMode: 0
  CurrentDitheringMode: 0
  CurrentDitheringMode: 0
  CurrentDitheringMode: 0
  CurrentDitheringMode: 0
  CurrentDitheringMode: 0
  CurrentDitheringMode: 0
  CurrentDitheringMode: 0
  CurrentDitheringMode: 0
  CurrentDitheringMode: 0
  CurrentDitheringMode: 0
  CurrentDitheringMode: 0
  CurrentDitheringMode: 0
  CurrentDitheringMode: 0
  CurrentDitheringMode: 0
  CurrentDitheringMode: 0
  DitheringDepth: 0
  DitheringDepth: 0
  DitheringDepth: 0
  DitheringDepth: 0
  DitheringDepth: 0
  DitheringDepth: 0
  DitheringDepth: 0
  DitheringDepth: 0
  DitheringDepth: 0
  DitheringDepth: 0
  DitheringDepth: 0
  DitheringDepth: 0
  DitheringDepth: 0
  DitheringDepth: 0
  DitheringDepth: 0
  DitheringDepth: 0
  DitheringDepth: 0
  DitheringDepth: 0
  DitheringDepth: 0
  DitheringDepth: 0
  DitheringDepth: 0
  DitheringDepth: 0
  DitheringDepth: 0
  DitheringDepth: 0
  CurrentDitheringDepth: 0
  CurrentDitheringDepth: 0
  CurrentDitheringDepth: 0
  CurrentDitheringDepth: 0
  CurrentDitheringDepth: 0
  CurrentDitheringDepth: 0
  CurrentDitheringDepth: 0
  CurrentDitheringDepth: 0
  CurrentDitheringDepth: 0
  CurrentDitheringDepth: 0
  CurrentDitheringDepth: 0
  CurrentDitheringDepth: 0
  CurrentDitheringDepth: 0
  CurrentDitheringDepth: 0
  CurrentDitheringDepth: 0
  CurrentDitheringDepth: 0
  CurrentDitheringDepth: 0
  CurrentDitheringDepth: 0
  CurrentDitheringDepth: 0
  CurrentDitheringDepth: 0
  CurrentDitheringDepth: 0
  CurrentDitheringDepth: 0
  CurrentDitheringDepth: 0
  CurrentDitheringDepth: 0
  ColorSpace: 0
  ColorSpace: 0
  ColorSpace: 0
  ColorSpace: 0
  ColorSpace: 0
  ColorSpace: 0
  ColorSpace: 0
  ColorSpace: 0
  ColorSpace: 0
  ColorSpace: 0
  ColorSpace: 0
  ColorSpace: 0
  ColorSpace: 0
  ColorSpace: 0
  ColorSpace: 0
  ColorSpace: 0
  ColorSpace: 0
  ColorSpace: 0
  ColorSpace: 0
  ColorSpace: 0
  ColorSpace: 0
  ColorSpace: 0
  ColorSpace: 0
  ColorSpace: 0
  ColorRange: 0
  ColorRange: 0
  ColorRange: 0
  ColorRange: 0
  ColorRange: 0
  ColorRange: 0
  ColorRange: 0
  ColorRange: 0
  ColorRange: 0
  ColorRange: 0
  ColorRange: 0
  ColorRange: 0
  ColorRange: 0
  ColorRange: 0
  ColorRange: 0
  ColorRange: 0
  ColorRange: 0
  ColorRange: 0
  ColorRange: 0
  ColorRange: 0
  ColorRange: 0
  ColorRange: 0
  ColorRange: 0
  ColorRange: 0
  SynchronousPaletteUpdates: 0
  SynchronousPaletteUpdates: 0
  SynchronousPaletteUpdates: 0
  SynchronousPaletteUpdates: 0
  SynchronousPaletteUpdates: 0
  SynchronousPaletteUpdates: 0
  SynchronousPaletteUpdates: 0
  SynchronousPaletteUpdates: 0
  SynchronousPaletteUpdates: 0
  SynchronousPaletteUpdates: 0
  SynchronousPaletteUpdates: 0
  SynchronousPaletteUpdates: 0
  SynchronousPaletteUpdates: 0
  SynchronousPaletteUpdates: 0
  SynchronousPaletteUpdates: 0
  SynchronousPaletteUpdates: 0
  SynchronousPaletteUpdates: 0
  SynchronousPaletteUpdates: 0
  SynchronousPaletteUpdates: 0
  SynchronousPaletteUpdates: 0
  SynchronousPaletteUpdates: 0
  SynchronousPaletteUpdates: 0
  SynchronousPaletteUpdates: 0
  SynchronousPaletteUpdates: 0
  RandROutputID: 639
  RandROutputID: 639
  RandROutputID: 639
  RandROutputID: 639
  RandROutputID: 639
  RandROutputID: 639
  RandROutputID: 639
  RandROutputID: 639
  RandROutputID: 639
  RandROutputID: 639
  RandROutputID: 639
  RandROutputID: 639
  RandROutputID: 639
  RandROutputID: 639
  RandROutputID: 639
  RandROutputID: 639
  RandROutputID: 639
  RandROutputID: 639
  RandROutputID: 639
  RandROutputID: 639
  RandROutputID: 639
  RandROutputID: 639
  RandROutputID: 639
  RandROutputID: 639
Attributes queryable via snyh-pc:0[dpy:2]:
  FrameLockAvailable: 0
  FrameLockAvailable: 0
  FrameLockAvailable: 0
  FrameLockAvailable: 0
  FrameLockAvailable: 0
  FrameLockAvailable: 0
  FrameLockAvailable: 0
  FrameLockAvailable: 0
  FrameLockAvailable: 0
  FrameLockAvailable: 0
  FrameLockAvailable: 0
  FrameLockAvailable: 0
  FrameLockAvailable: 0
  FrameLockAvailable: 0
  FrameLockAvailable: 0
  FrameLockAvailable: 0
  FrameLockAvailable: 0
  FrameLockAvailable: 0
  FrameLockAvailable: 0
  FrameLockAvailable: 0
  FrameLockAvailable: 0
  FrameLockAvailable: 0
  FrameLockAvailable: 0
  FrameLockAvailable: 0
  IsGvoDisplay: 0
  IsGvoDisplay: 0
  IsGvoDisplay: 0
  IsGvoDisplay: 0
  IsGvoDisplay: 0
  IsGvoDisplay: 0
  IsGvoDisplay: 0
  IsGvoDisplay: 0
  IsGvoDisplay: 0
  IsGvoDisplay: 0
  IsGvoDisplay: 0
  IsGvoDisplay: 0
  IsGvoDisplay: 0
  IsGvoDisplay: 0
  IsGvoDisplay: 0
  IsGvoDisplay: 0
  IsGvoDisplay: 0
  IsGvoDisplay: 0
  IsGvoDisplay: 0
  IsGvoDisplay: 0
  IsGvoDisplay: 0
  IsGvoDisplay: 0
  IsGvoDisplay: 0
  IsGvoDisplay: 0
  Dithering: 0
  Dithering: 0
  Dithering: 0
  Dithering: 0
  Dithering: 0
  Dithering: 0
  Dithering: 0
  Dithering: 0
  Dithering: 0
  Dithering: 0
  Dithering: 0
  Dithering: 0
  Dithering: 0
  Dithering: 0
  Dithering: 0
  Dithering: 0
  Dithering: 0
  Dithering: 0
  Dithering: 0
  Dithering: 0
  Dithering: 0
  Dithering: 0
  Dithering: 0
  Dithering: 0
  CurrentDithering: 0
  CurrentDithering: 0
  CurrentDithering: 0
  CurrentDithering: 0
  CurrentDithering: 0
  CurrentDithering: 0
  CurrentDithering: 0
  CurrentDithering: 0
  CurrentDithering: 0
  CurrentDithering: 0
  CurrentDithering: 0
  CurrentDithering: 0
  CurrentDithering: 0
  CurrentDithering: 0
  CurrentDithering: 0
  CurrentDithering: 0
  CurrentDithering: 0
  CurrentDithering: 0
  CurrentDithering: 0
  CurrentDithering: 0
  CurrentDithering: 0
  CurrentDithering: 0
  CurrentDithering: 0
  CurrentDithering: 0
  DitheringMode: 0
  DitheringMode: 0
  DitheringMode: 0
  DitheringMode: 0
  DitheringMode: 0
  DitheringMode: 0
  DitheringMode: 0
  DitheringMode: 0
  DitheringMode: 0
  DitheringMode: 0
  DitheringMode: 0
  DitheringMode: 0
  DitheringMode: 0
  DitheringMode: 0
  DitheringMode: 0
  DitheringMode: 0
  DitheringMode: 0
  DitheringMode: 0
  DitheringMode: 0
  DitheringMode: 0
  DitheringMode: 0
  DitheringMode: 0
  DitheringMode: 0
  DitheringMode: 0
  CurrentDitheringMode: 0
  CurrentDitheringMode: 0
  CurrentDitheringMode: 0
  CurrentDitheringMode: 0
  CurrentDitheringMode: 0
  CurrentDitheringMode: 0
  CurrentDitheringMode: 0
  CurrentDitheringMode: 0
  CurrentDitheringMode: 0
  CurrentDitheringMode: 0
  CurrentDitheringMode: 0
  CurrentDitheringMode: 0
  CurrentDitheringMode: 0
  CurrentDitheringMode: 0
  CurrentDitheringMode: 0
  CurrentDitheringMode: 0
  CurrentDitheringMode: 0
  CurrentDitheringMode: 0
  CurrentDitheringMode: 0
  CurrentDitheringMode: 0
  CurrentDitheringMode: 0
  CurrentDitheringMode: 0
  CurrentDitheringMode: 0
  CurrentDitheringMode: 0
  DitheringDepth: 0
  DitheringDepth: 0
  DitheringDepth: 0
  DitheringDepth: 0
  DitheringDepth: 0
  DitheringDepth: 0
  DitheringDepth: 0
  DitheringDepth: 0
  DitheringDepth: 0
  DitheringDepth: 0
  DitheringDepth: 0
  DitheringDepth: 0
  DitheringDepth: 0
  DitheringDepth: 0
  DitheringDepth: 0
  DitheringDepth: 0
  DitheringDepth: 0
  DitheringDepth: 0
  DitheringDepth: 0
  DitheringDepth: 0
  DitheringDepth: 0
  DitheringDepth: 0
  DitheringDepth: 0
  DitheringDepth: 0
  CurrentDitheringDepth: 0
  CurrentDitheringDepth: 0
  CurrentDitheringDepth: 0
  CurrentDitheringDepth: 0
  CurrentDitheringDepth: 0
  CurrentDitheringDepth: 0
  CurrentDitheringDepth: 0
  CurrentDitheringDepth: 0
  CurrentDitheringDepth: 0
  CurrentDitheringDepth: 0
  CurrentDitheringDepth: 0
  CurrentDitheringDepth: 0
  CurrentDitheringDepth: 0
  CurrentDitheringDepth: 0
  CurrentDitheringDepth: 0
  CurrentDitheringDepth: 0
  CurrentDitheringDepth: 0
  CurrentDitheringDepth: 0
  CurrentDitheringDepth: 0
  CurrentDitheringDepth: 0
  CurrentDitheringDepth: 0
  CurrentDitheringDepth: 0
  CurrentDitheringDepth: 0
  CurrentDitheringDepth: 0
  ColorSpace: 0
  ColorSpace: 0
  ColorSpace: 0
  ColorSpace: 0
  ColorSpace: 0
  ColorSpace: 0
  ColorSpace: 0
  ColorSpace: 0
  ColorSpace: 0
  ColorSpace: 0
  ColorSpace: 0
  ColorSpace: 0
  ColorSpace: 0
  ColorSpace: 0
  ColorSpace: 0
  ColorSpace: 0
  ColorSpace: 0
  ColorSpace: 0
  ColorSpace: 0
  ColorSpace: 0
  ColorSpace: 0
  ColorSpace: 0
  ColorSpace: 0
  ColorSpace: 0
  ColorRange: 0
  ColorRange: 0
  ColorRange: 0
  ColorRange: 0
  ColorRange: 0
  ColorRange: 0
  ColorRange: 0
  ColorRange: 0
  ColorRange: 0
  ColorRange: 0
  ColorRange: 0
  ColorRange: 0
  ColorRange: 0
  ColorRange: 0
  ColorRange: 0
  ColorRange: 0
  ColorRange: 0
  ColorRange: 0
  ColorRange: 0
  ColorRange: 0
  ColorRange: 0
  ColorRange: 0
  ColorRange: 0
  ColorRange: 0
  SynchronousPaletteUpdates: 0
  SynchronousPaletteUpdates: 0
  SynchronousPaletteUpdates: 0
  SynchronousPaletteUpdates: 0
  SynchronousPaletteUpdates: 0
  SynchronousPaletteUpdates: 0
  SynchronousPaletteUpdates: 0
  SynchronousPaletteUpdates: 0
  SynchronousPaletteUpdates: 0
  SynchronousPaletteUpdates: 0
  SynchronousPaletteUpdates: 0
  SynchronousPaletteUpdates: 0
  SynchronousPaletteUpdates: 0
  SynchronousPaletteUpdates: 0
  SynchronousPaletteUpdates: 0
  SynchronousPaletteUpdates: 0
  SynchronousPaletteUpdates: 0
  SynchronousPaletteUpdates: 0
  SynchronousPaletteUpdates: 0
  SynchronousPaletteUpdates: 0
  SynchronousPaletteUpdates: 0
  SynchronousPaletteUpdates: 0
  SynchronousPaletteUpdates: 0
  SynchronousPaletteUpdates: 0
  RandROutputID: 640
  RandROutputID: 640
  RandROutputID: 640
  RandROutputID: 640
  RandROutputID: 640
  RandROutputID: 640
  RandROutputID: 640
  RandROutputID: 640
  RandROutputID: 640
  RandROutputID: 640
  RandROutputID: 640
  RandROutputID: 640
  RandROutputID: 640
  RandROutputID: 640
  RandROutputID: 640
  RandROutputID: 640
  RandROutputID: 640
  RandROutputID: 640
  RandROutputID: 640
  RandROutputID: 640
  RandROutputID: 640
  RandROutputID: 640
  RandROutputID: 640
  RandROutputID: 640
Attributes queryable via snyh-pc:0[dpy:3]:
  FrameLockAvailable: 0
  FrameLockAvailable: 0
  FrameLockAvailable: 0
  FrameLockAvailable: 0
  FrameLockAvailable: 0
  FrameLockAvailable: 0
  FrameLockAvailable: 0
  FrameLockAvailable: 0
  FrameLockAvailable: 0
  FrameLockAvailable: 0
  FrameLockAvailable: 0
  FrameLockAvailable: 0
  FrameLockAvailable: 0
  FrameLockAvailable: 0
  FrameLockAvailable: 0
  FrameLockAvailable: 0
  FrameLockAvailable: 0
  FrameLockAvailable: 0
  FrameLockAvailable: 0
  FrameLockAvailable: 0
  FrameLockAvailable: 0
  FrameLockAvailable: 0
  FrameLockAvailable: 0
  FrameLockAvailable: 0
  IsGvoDisplay: 0
  IsGvoDisplay: 0
  IsGvoDisplay: 0
  IsGvoDisplay: 0
  IsGvoDisplay: 0
  IsGvoDisplay: 0
  IsGvoDisplay: 0
  IsGvoDisplay: 0
  IsGvoDisplay: 0
  IsGvoDisplay: 0
  IsGvoDisplay: 0
  IsGvoDisplay: 0
  IsGvoDisplay: 0
  IsGvoDisplay: 0
  IsGvoDisplay: 0
  IsGvoDisplay: 0
  IsGvoDisplay: 0
  IsGvoDisplay: 0
  IsGvoDisplay: 0
  IsGvoDisplay: 0
  IsGvoDisplay: 0
  IsGvoDisplay: 0
  IsGvoDisplay: 0
  IsGvoDisplay: 0
  Dithering: 0
  Dithering: 0
  Dithering: 0
  Dithering: 0
  Dithering: 0
  Dithering: 0
  Dithering: 0
  Dithering: 0
  Dithering: 0
  Dithering: 0
  Dithering: 0
  Dithering: 0
  Dithering: 0
  Dithering: 0
  Dithering: 0
  Dithering: 0
  Dithering: 0
  Dithering: 0
  Dithering: 0
  Dithering: 0
  Dithering: 0
  Dithering: 0
  Dithering: 0
  Dithering: 0
  CurrentDithering: 0
  CurrentDithering: 0
  CurrentDithering: 0
  CurrentDithering: 0
  CurrentDithering: 0
  CurrentDithering: 0
  CurrentDithering: 0
  CurrentDithering: 0
  CurrentDithering: 0
  CurrentDithering: 0
  CurrentDithering: 0
  CurrentDithering: 0
  CurrentDithering: 0
  CurrentDithering: 0
  CurrentDithering: 0
  CurrentDithering: 0
  CurrentDithering: 0
  CurrentDithering: 0
  CurrentDithering: 0
  CurrentDithering: 0
  CurrentDithering: 0
  CurrentDithering: 0
  CurrentDithering: 0
  CurrentDithering: 0
  DitheringMode: 0
  DitheringMode: 0
  DitheringMode: 0
  DitheringMode: 0
  DitheringMode: 0
  DitheringMode: 0
  DitheringMode: 0
  DitheringMode: 0
  DitheringMode: 0
  DitheringMode: 0
  DitheringMode: 0
  DitheringMode: 0
  DitheringMode: 0
  DitheringMode: 0
  DitheringMode: 0
  DitheringMode: 0
  DitheringMode: 0
  DitheringMode: 0
  DitheringMode: 0
  DitheringMode: 0
  DitheringMode: 0
  DitheringMode: 0
  DitheringMode: 0
  DitheringMode: 0
  CurrentDitheringMode: 0
  CurrentDitheringMode: 0
  CurrentDitheringMode: 0
  CurrentDitheringMode: 0
  CurrentDitheringMode: 0
  CurrentDitheringMode: 0
  CurrentDitheringMode: 0
  CurrentDitheringMode: 0
  CurrentDitheringMode: 0
  CurrentDitheringMode: 0
  CurrentDitheringMode: 0
  CurrentDitheringMode: 0
  CurrentDitheringMode: 0
  CurrentDitheringMode: 0
  CurrentDitheringMode: 0
  CurrentDitheringMode: 0
  CurrentDitheringMode: 0
  CurrentDitheringMode: 0
  CurrentDitheringMode: 0
  CurrentDitheringMode: 0
  CurrentDitheringMode: 0
  CurrentDitheringMode: 0
  CurrentDitheringMode: 0
  CurrentDitheringMode: 0
  DitheringDepth: 0
  DitheringDepth: 0
  DitheringDepth: 0
  DitheringDepth: 0
  DitheringDepth: 0
  DitheringDepth: 0
  DitheringDepth: 0
  DitheringDepth: 0
  DitheringDepth: 0
  DitheringDepth: 0
  DitheringDepth: 0
  DitheringDepth: 0
  DitheringDepth: 0
  DitheringDepth: 0
  DitheringDepth: 0
  DitheringDepth: 0
  DitheringDepth: 0
  DitheringDepth: 0
  DitheringDepth: 0
  DitheringDepth: 0
  DitheringDepth: 0
  DitheringDepth: 0
  DitheringDepth: 0
  DitheringDepth: 0
  CurrentDitheringDepth: 0
  CurrentDitheringDepth: 0
  CurrentDitheringDepth: 0
  CurrentDitheringDepth: 0
  CurrentDitheringDepth: 0
  CurrentDitheringDepth: 0
  CurrentDitheringDepth: 0
  CurrentDitheringDepth: 0
  CurrentDitheringDepth: 0
  CurrentDitheringDepth: 0
  CurrentDitheringDepth: 0
  CurrentDitheringDepth: 0
  CurrentDitheringDepth: 0
  CurrentDitheringDepth: 0
  CurrentDitheringDepth: 0
  CurrentDitheringDepth: 0
  CurrentDitheringDepth: 0
  CurrentDitheringDepth: 0
  CurrentDitheringDepth: 0
  CurrentDitheringDepth: 0
  CurrentDitheringDepth: 0
  CurrentDitheringDepth: 0
  CurrentDitheringDepth: 0
  CurrentDitheringDepth: 0
  ColorSpace: 0
  ColorSpace: 0
  ColorSpace: 0
  ColorSpace: 0
  ColorSpace: 0
  ColorSpace: 0
  ColorSpace: 0
  ColorSpace: 0
  ColorSpace: 0
  ColorSpace: 0
  ColorSpace: 0
  ColorSpace: 0
  ColorSpace: 0
  ColorSpace: 0
  ColorSpace: 0
  ColorSpace: 0
  ColorSpace: 0
  ColorSpace: 0
  ColorSpace: 0
  ColorSpace: 0
  ColorSpace: 0
  ColorSpace: 0
  ColorSpace: 0
  ColorSpace: 0
  ColorRange: 0
  ColorRange: 0
  ColorRange: 0
  ColorRange: 0
  ColorRange: 0
  ColorRange: 0
  ColorRange: 0
  ColorRange: 0
  ColorRange: 0
  ColorRange: 0
  ColorRange: 0
  ColorRange: 0
  ColorRange: 0
  ColorRange: 0
  ColorRange: 0
  ColorRange: 0
  ColorRange: 0
  ColorRange: 0
  ColorRange: 0
  ColorRange: 0
  ColorRange: 0
  ColorRange: 0
  ColorRange: 0
  ColorRange: 0
  SynchronousPaletteUpdates: 0
  SynchronousPaletteUpdates: 0
  SynchronousPaletteUpdates: 0
  SynchronousPaletteUpdates: 0
  SynchronousPaletteUpdates: 0
  SynchronousPaletteUpdates: 0
  SynchronousPaletteUpdates: 0
  SynchronousPaletteUpdates: 0
  SynchronousPaletteUpdates: 0
  SynchronousPaletteUpdates: 0
  SynchronousPaletteUpdates: 0
  SynchronousPaletteUpdates: 0
  SynchronousPaletteUpdates: 0
  SynchronousPaletteUpdates: 0
  SynchronousPaletteUpdates: 0
  SynchronousPaletteUpdates: 0
  SynchronousPaletteUpdates: 0
  SynchronousPaletteUpdates: 0
  SynchronousPaletteUpdates: 0
  SynchronousPaletteUpdates: 0
  SynchronousPaletteUpdates: 0
  SynchronousPaletteUpdates: 0
  SynchronousPaletteUpdates: 0
  SynchronousPaletteUpdates: 0
  RandROutputID: 641
  RandROutputID: 641
  RandROutputID: 641
  RandROutputID: 641
  RandROutputID: 641
  RandROutputID: 641
  RandROutputID: 641
  RandROutputID: 641
  RandROutputID: 641
  RandROutputID: 641
  RandROutputID: 641
  RandROutputID: 641
  RandROutputID: 641
  RandROutputID: 641
  RandROutputID: 641
  RandROutputID: 641
  RandROutputID: 641
  RandROutputID: 641
  RandROutputID: 641
  RandROutputID: 641
  RandROutputID: 641
  RandROutputID: 641
  RandROutputID: 641
  RandROutputID: 641
Attributes queryable via snyh-pc:0[dpy:4]:
  FrameLockAvailable: 0
  FrameLockAvailable: 0
  FrameLockAvailable: 0
  FrameLockAvailable: 0
  FrameLockAvailable: 0
  FrameLockAvailable: 0
  FrameLockAvailable: 0
  FrameLockAvailable: 0
  FrameLockAvailable: 0
  FrameLockAvailable: 0
  FrameLockAvailable: 0
  FrameLockAvailable: 0
  FrameLockAvailable: 0
  FrameLockAvailable: 0
  FrameLockAvailable: 0
  FrameLockAvailable: 0
  FrameLockAvailable: 0
  FrameLockAvailable: 0
  FrameLockAvailable: 0
  FrameLockAvailable: 0
  FrameLockAvailable: 0
  FrameLockAvailable: 0
  FrameLockAvailable: 0
  FrameLockAvailable: 0
  IsGvoDisplay: 0
  IsGvoDisplay: 0
  IsGvoDisplay: 0
  IsGvoDisplay: 0
  IsGvoDisplay: 0
  IsGvoDisplay: 0
  IsGvoDisplay: 0
  IsGvoDisplay: 0
  IsGvoDisplay: 0
  IsGvoDisplay: 0
  IsGvoDisplay: 0
  IsGvoDisplay: 0
  IsGvoDisplay: 0
  IsGvoDisplay: 0
  IsGvoDisplay: 0
  IsGvoDisplay: 0
  IsGvoDisplay: 0
  IsGvoDisplay: 0
  IsGvoDisplay: 0
  IsGvoDisplay: 0
  IsGvoDisplay: 0
  IsGvoDisplay: 0
  IsGvoDisplay: 0
  IsGvoDisplay: 0
  Dithering: 0
  Dithering: 0
  Dithering: 0
  Dithering: 0
  Dithering: 0
  Dithering: 0
  Dithering: 0
  Dithering: 0
  Dithering: 0
  Dithering: 0
  Dithering: 0
  Dithering: 0
  Dithering: 0
  Dithering: 0
  Dithering: 0
  Dithering: 0
  Dithering: 0
  Dithering: 0
  Dithering: 0
  Dithering: 0
  Dithering: 0
  Dithering: 0
  Dithering: 0
  Dithering: 0
  CurrentDithering: 1
  CurrentDithering: 1
  CurrentDithering: 1
  CurrentDithering: 1
  CurrentDithering: 1
  CurrentDithering: 1
  CurrentDithering: 1
  CurrentDithering: 1
  CurrentDithering: 1
  CurrentDithering: 1
  CurrentDithering: 1
  CurrentDithering: 1
  CurrentDithering: 1
  CurrentDithering: 1
  CurrentDithering: 1
  CurrentDithering: 1
  CurrentDithering: 1
  CurrentDithering: 1
  CurrentDithering: 1
  CurrentDithering: 1
  CurrentDithering: 1
  CurrentDithering: 1
  CurrentDithering: 1
  CurrentDithering: 1
  DitheringMode: 0
  DitheringMode: 0
  DitheringMode: 0
  DitheringMode: 0
  DitheringMode: 0
  DitheringMode: 0
  DitheringMode: 0
  DitheringMode: 0
  DitheringMode: 0
  DitheringMode: 0
  DitheringMode: 0
  DitheringMode: 0
  DitheringMode: 0
  DitheringMode: 0
  DitheringMode: 0
  DitheringMode: 0
  DitheringMode: 0
  DitheringMode: 0
  DitheringMode: 0
  DitheringMode: 0
  DitheringMode: 0
  DitheringMode: 0
  DitheringMode: 0
  DitheringMode: 0
  CurrentDitheringMode: 3
  CurrentDitheringMode: 3
  CurrentDitheringMode: 3
  CurrentDitheringMode: 3
  CurrentDitheringMode: 3
  CurrentDitheringMode: 3
  CurrentDitheringMode: 3
  CurrentDitheringMode: 3
  CurrentDitheringMode: 3
  CurrentDitheringMode: 3
  CurrentDitheringMode: 3
  CurrentDitheringMode: 3
  CurrentDitheringMode: 3
  CurrentDitheringMode: 3
  CurrentDitheringMode: 3
  CurrentDitheringMode: 3
  CurrentDitheringMode: 3
  CurrentDitheringMode: 3
  CurrentDitheringMode: 3
  CurrentDitheringMode: 3
  CurrentDitheringMode: 3
  CurrentDitheringMode: 3
  CurrentDitheringMode: 3
  CurrentDitheringMode: 3
  DitheringDepth: 0
  DitheringDepth: 0
  DitheringDepth: 0
  DitheringDepth: 0
  DitheringDepth: 0
  DitheringDepth: 0
  DitheringDepth: 0
  DitheringDepth: 0
  DitheringDepth: 0
  DitheringDepth: 0
  DitheringDepth: 0
  DitheringDepth: 0
  DitheringDepth: 0
  DitheringDepth: 0
  DitheringDepth: 0
  DitheringDepth: 0
  DitheringDepth: 0
  DitheringDepth: 0
  DitheringDepth: 0
  DitheringDepth: 0
  DitheringDepth: 0
  DitheringDepth: 0
  DitheringDepth: 0
  DitheringDepth: 0
  CurrentDitheringDepth: 2
  CurrentDitheringDepth: 2
  CurrentDitheringDepth: 2
  CurrentDitheringDepth: 2
  CurrentDitheringDepth: 2
  CurrentDitheringDepth: 2
  CurrentDitheringDepth: 2
  CurrentDitheringDepth: 2
  CurrentDitheringDepth: 2
  CurrentDitheringDepth: 2
  CurrentDitheringDepth: 2
  CurrentDitheringDepth: 2
  CurrentDitheringDepth: 2
  CurrentDitheringDepth: 2
  CurrentDitheringDepth: 2
  CurrentDitheringDepth: 2
  CurrentDitheringDepth: 2
  CurrentDitheringDepth: 2
  CurrentDitheringDepth: 2
  CurrentDitheringDepth: 2
  CurrentDitheringDepth: 2
  CurrentDitheringDepth: 2
  CurrentDitheringDepth: 2
  CurrentDitheringDepth: 2
  DigitalVibrance: 0
  DigitalVibrance: 0
  DigitalVibrance: 0
  DigitalVibrance: 0
  DigitalVibrance: 0
  DigitalVibrance: 0
  DigitalVibrance: 0
  DigitalVibrance: 0
  DigitalVibrance: 0
  DigitalVibrance: 0
  DigitalVibrance: 0
  DigitalVibrance: 0
  DigitalVibrance: 0
  DigitalVibrance: 0
  DigitalVibrance: 0
  DigitalVibrance: 0
  DigitalVibrance: 0
  DigitalVibrance: 0
  DigitalVibrance: 0
  DigitalVibrance: 0
  DigitalVibrance: 0
  DigitalVibrance: 0
  DigitalVibrance: 0
  DigitalVibrance: 0
  ImageSharpeningDefault: 127
  ImageSharpeningDefault: 127
  ImageSharpeningDefault: 127
  ImageSharpeningDefault: 127
  ImageSharpeningDefault: 127
  ImageSharpeningDefault: 127
  ImageSharpeningDefault: 127
  ImageSharpeningDefault: 127
  ImageSharpeningDefault: 127
  ImageSharpeningDefault: 127
  ImageSharpeningDefault: 127
  ImageSharpeningDefault: 127
  ImageSharpeningDefault: 127
  ImageSharpeningDefault: 127
  ImageSharpeningDefault: 127
  ImageSharpeningDefault: 127
  ImageSharpeningDefault: 127
  ImageSharpeningDefault: 127
  ImageSharpeningDefault: 127
  ImageSharpeningDefault: 127
  ImageSharpeningDefault: 127
  ImageSharpeningDefault: 127
  ImageSharpeningDefault: 127
  ImageSharpeningDefault: 127
  RefreshRate: 59.90 Hz
  RefreshRate: 59.90 Hz
  RefreshRate: 59.90 Hz
  RefreshRate: 59.90 Hz
  RefreshRate: 59.90 Hz
  RefreshRate: 59.90 Hz
  RefreshRate: 59.90 Hz
  RefreshRate: 59.90 Hz
  RefreshRate: 59.90 Hz
  RefreshRate: 59.90 Hz
  RefreshRate: 59.90 Hz
  RefreshRate: 59.90 Hz
  RefreshRate: 59.90 Hz
  RefreshRate: 59.90 Hz
  RefreshRate: 59.90 Hz
  RefreshRate: 59.90 Hz
  RefreshRate: 59.90 Hz
  RefreshRate: 59.90 Hz
  RefreshRate: 59.90 Hz
  RefreshRate: 59.90 Hz
  RefreshRate: 59.90 Hz
  RefreshRate: 59.90 Hz
  RefreshRate: 59.90 Hz
  RefreshRate: 59.90 Hz
  RefreshRate3: 59.901 Hz
  RefreshRate3: 59.901 Hz
  RefreshRate3: 59.901 Hz
  RefreshRate3: 59.901 Hz
  RefreshRate3: 59.901 Hz
  RefreshRate3: 59.901 Hz
  RefreshRate3: 59.901 Hz
  RefreshRate3: 59.901 Hz
  RefreshRate3: 59.901 Hz
  RefreshRate3: 59.901 Hz
  RefreshRate3: 59.901 Hz
  RefreshRate3: 59.901 Hz
  RefreshRate3: 59.901 Hz
  RefreshRate3: 59.901 Hz
  RefreshRate3: 59.901 Hz
  RefreshRate3: 59.901 Hz
  RefreshRate3: 59.901 Hz
  RefreshRate3: 59.901 Hz
  RefreshRate3: 59.901 Hz
  RefreshRate3: 59.901 Hz
  RefreshRate3: 59.901 Hz
  RefreshRate3: 59.901 Hz
  RefreshRate3: 59.901 Hz
  RefreshRate3: 59.901 Hz
  ColorSpace: 0
  ColorSpace: 0
  ColorSpace: 0
  ColorSpace: 0
  ColorSpace: 0
  ColorSpace: 0
  ColorSpace: 0
  ColorSpace: 0
  ColorSpace: 0
  ColorSpace: 0
  ColorSpace: 0
  ColorSpace: 0
  ColorSpace: 0
  ColorSpace: 0
  ColorSpace: 0
  ColorSpace: 0
  ColorSpace: 0
  ColorSpace: 0
  ColorSpace: 0
  ColorSpace: 0
  ColorSpace: 0
  ColorSpace: 0
  ColorSpace: 0
  ColorSpace: 0
  ColorRange: 0
  ColorRange: 0
  ColorRange: 0
  ColorRange: 0
  ColorRange: 0
  ColorRange: 0
  ColorRange: 0
  ColorRange: 0
  ColorRange: 0
  ColorRange: 0
  ColorRange: 0
  ColorRange: 0
  ColorRange: 0
  ColorRange: 0
  ColorRange: 0
  ColorRange: 0
  ColorRange: 0
  ColorRange: 0
  ColorRange: 0
  ColorRange: 0
  ColorRange: 0
  ColorRange: 0
  ColorRange: 0
  ColorRange: 0
  SynchronousPaletteUpdates: 0
  SynchronousPaletteUpdates: 0
  SynchronousPaletteUpdates: 0
  SynchronousPaletteUpdates: 0
  SynchronousPaletteUpdates: 0
  SynchronousPaletteUpdates: 0
  SynchronousPaletteUpdates: 0
  SynchronousPaletteUpdates: 0
  SynchronousPaletteUpdates: 0
  SynchronousPaletteUpdates: 0
  SynchronousPaletteUpdates: 0
  SynchronousPaletteUpdates: 0
  SynchronousPaletteUpdates: 0
  SynchronousPaletteUpdates: 0
  SynchronousPaletteUpdates: 0
  SynchronousPaletteUpdates: 0
  SynchronousPaletteUpdates: 0
  SynchronousPaletteUpdates: 0
  SynchronousPaletteUpdates: 0
  SynchronousPaletteUpdates: 0
  SynchronousPaletteUpdates: 0
  SynchronousPaletteUpdates: 0
  SynchronousPaletteUpdates: 0
  SynchronousPaletteUpdates: 0
  RandROutputID: 642
  RandROutputID: 642
  RandROutputID: 642
  RandROutputID: 642
  RandROutputID: 642
  RandROutputID: 642
  RandROutputID: 642
  RandROutputID: 642
  RandROutputID: 642
  RandROutputID: 642
  RandROutputID: 642
  RandROutputID: 642
  RandROutputID: 642
  RandROutputID: 642
  RandROutputID: 642
  RandROutputID: 642
  RandROutputID: 642
  RandROutputID: 642
  RandROutputID: 642
  RandROutputID: 642
  RandROutputID: 642
  RandROutputID: 642
  RandROutputID: 642
  RandROutputID: 642
  Hdmi3D: 0
  Hdmi3D: 0
  Hdmi3D: 0
  Hdmi3D: 0
  Hdmi3D: 0
  Hdmi3D: 0
  Hdmi3D: 0
  Hdmi3D: 0
  Hdmi3D: 0
  Hdmi3D: 0
  Hdmi3D: 0
  Hdmi3D: 0
  Hdmi3D: 0
  Hdmi3D: 0
  Hdmi3D: 0
  Hdmi3D: 0
  Hdmi3D: 0
  Hdmi3D: 0
  Hdmi3D: 0
  Hdmi3D: 0
  Hdmi3D: 0
  Hdmi3D: 0
  Hdmi3D: 0
  Hdmi3D: 0
Attributes queryable via snyh-pc:0[dpy:5]:
  FrameLockAvailable: 0
  FrameLockAvailable: 0
  FrameLockAvailable: 0
  FrameLockAvailable: 0
  FrameLockAvailable: 0
  FrameLockAvailable: 0
  FrameLockAvailable: 0
  FrameLockAvailable: 0
  FrameLockAvailable: 0
  FrameLockAvailable: 0
  FrameLockAvailable: 0
  FrameLockAvailable: 0
  FrameLockAvailable: 0
  FrameLockAvailable: 0
  FrameLockAvailable: 0
  FrameLockAvailable: 0
  FrameLockAvailable: 0
  FrameLockAvailable: 0
  FrameLockAvailable: 0
  FrameLockAvailable: 0
  FrameLockAvailable: 0
  FrameLockAvailable: 0
  FrameLockAvailable: 0
  FrameLockAvailable: 0
  IsGvoDisplay: 0
  IsGvoDisplay: 0
  IsGvoDisplay: 0
  IsGvoDisplay: 0
  IsGvoDisplay: 0
  IsGvoDisplay: 0
  IsGvoDisplay: 0
  IsGvoDisplay: 0
  IsGvoDisplay: 0
  IsGvoDisplay: 0
  IsGvoDisplay: 0
  IsGvoDisplay: 0
  IsGvoDisplay: 0
  IsGvoDisplay: 0
  IsGvoDisplay: 0
  IsGvoDisplay: 0
  IsGvoDisplay: 0
  IsGvoDisplay: 0
  IsGvoDisplay: 0
  IsGvoDisplay: 0
  IsGvoDisplay: 0
  IsGvoDisplay: 0
  IsGvoDisplay: 0
  IsGvoDisplay: 0
  Dithering: 0
  Dithering: 0
  Dithering: 0
  Dithering: 0
  Dithering: 0
  Dithering: 0
  Dithering: 0
  Dithering: 0
  Dithering: 0
  Dithering: 0
  Dithering: 0
  Dithering: 0
  Dithering: 0
  Dithering: 0
  Dithering: 0
  Dithering: 0
  Dithering: 0
  Dithering: 0
  Dithering: 0
  Dithering: 0
  Dithering: 0
  Dithering: 0
  Dithering: 0
  Dithering: 0
  CurrentDithering: 0
  CurrentDithering: 0
  CurrentDithering: 0
  CurrentDithering: 0
  CurrentDithering: 0
  CurrentDithering: 0
  CurrentDithering: 0
  CurrentDithering: 0
  CurrentDithering: 0
  CurrentDithering: 0
  CurrentDithering: 0
  CurrentDithering: 0
  CurrentDithering: 0
  CurrentDithering: 0
  CurrentDithering: 0
  CurrentDithering: 0
  CurrentDithering: 0
  CurrentDithering: 0
  CurrentDithering: 0
  CurrentDithering: 0
  CurrentDithering: 0
  CurrentDithering: 0
  CurrentDithering: 0
  CurrentDithering: 0
  DitheringMode: 0
  DitheringMode: 0
  DitheringMode: 0
  DitheringMode: 0
  DitheringMode: 0
  DitheringMode: 0
  DitheringMode: 0
  DitheringMode: 0
  DitheringMode: 0
  DitheringMode: 0
  DitheringMode: 0
  DitheringMode: 0
  DitheringMode: 0
  DitheringMode: 0
  DitheringMode: 0
  DitheringMode: 0
  DitheringMode: 0
  DitheringMode: 0
  DitheringMode: 0
  DitheringMode: 0
  DitheringMode: 0
  DitheringMode: 0
  DitheringMode: 0
  DitheringMode: 0
  CurrentDitheringMode: 0
  CurrentDitheringMode: 0
  CurrentDitheringMode: 0
  CurrentDitheringMode: 0
  CurrentDitheringMode: 0
  CurrentDitheringMode: 0
  CurrentDitheringMode: 0
  CurrentDitheringMode: 0
  CurrentDitheringMode: 0
  CurrentDitheringMode: 0
  CurrentDitheringMode: 0
  CurrentDitheringMode: 0
  CurrentDitheringMode: 0
  CurrentDitheringMode: 0
  CurrentDitheringMode: 0
  CurrentDitheringMode: 0
  CurrentDitheringMode: 0
  CurrentDitheringMode: 0
  CurrentDitheringMode: 0
  CurrentDitheringMode: 0
  CurrentDitheringMode: 0
  CurrentDitheringMode: 0
  CurrentDitheringMode: 0
  CurrentDitheringMode: 0
  DitheringDepth: 0
  DitheringDepth: 0
  DitheringDepth: 0
  DitheringDepth: 0
  DitheringDepth: 0
  DitheringDepth: 0
  DitheringDepth: 0
  DitheringDepth: 0
  DitheringDepth: 0
  DitheringDepth: 0
  DitheringDepth: 0
  DitheringDepth: 0
  DitheringDepth: 0
  DitheringDepth: 0
  DitheringDepth: 0
  DitheringDepth: 0
  DitheringDepth: 0
  DitheringDepth: 0
  DitheringDepth: 0
  DitheringDepth: 0
  DitheringDepth: 0
  DitheringDepth: 0
  DitheringDepth: 0
  DitheringDepth: 0
  CurrentDitheringDepth: 0
  CurrentDitheringDepth: 0
  CurrentDitheringDepth: 0
  CurrentDitheringDepth: 0
  CurrentDitheringDepth: 0
  CurrentDitheringDepth: 0
  CurrentDitheringDepth: 0
  CurrentDitheringDepth: 0
  CurrentDitheringDepth: 0
  CurrentDitheringDepth: 0
  CurrentDitheringDepth: 0
  CurrentDitheringDepth: 0
  CurrentDitheringDepth: 0
  CurrentDitheringDepth: 0
  CurrentDitheringDepth: 0
  CurrentDitheringDepth: 0
  CurrentDitheringDepth: 0
  CurrentDitheringDepth: 0
  CurrentDitheringDepth: 0
  CurrentDitheringDepth: 0
  CurrentDitheringDepth: 0
  CurrentDitheringDepth: 0
  CurrentDitheringDepth: 0
  CurrentDitheringDepth: 0
  ColorSpace: 0
  ColorSpace: 0
  ColorSpace: 0
  ColorSpace: 0
  ColorSpace: 0
  ColorSpace: 0
  ColorSpace: 0
  ColorSpace: 0
  ColorSpace: 0
  ColorSpace: 0
  ColorSpace: 0
  ColorSpace: 0
  ColorSpace: 0
  ColorSpace: 0
  ColorSpace: 0
  ColorSpace: 0
  ColorSpace: 0
  ColorSpace: 0
  ColorSpace: 0
  ColorSpace: 0
  ColorSpace: 0
  ColorSpace: 0
  ColorSpace: 0
  ColorSpace: 0
  ColorRange: 0
  ColorRange: 0
  ColorRange: 0
  ColorRange: 0
  ColorRange: 0
  ColorRange: 0
  ColorRange: 0
  ColorRange: 0
  ColorRange: 0
  ColorRange: 0
  ColorRange: 0
  ColorRange: 0
  ColorRange: 0
  ColorRange: 0
  ColorRange: 0
  ColorRange: 0
  ColorRange: 0
  ColorRange: 0
  ColorRange: 0
  ColorRange: 0
  ColorRange: 0
  ColorRange: 0
  ColorRange: 0
  ColorRange: 0
  SynchronousPaletteUpdates: 0
  SynchronousPaletteUpdates: 0
  SynchronousPaletteUpdates: 0
  SynchronousPaletteUpdates: 0
  SynchronousPaletteUpdates: 0
  SynchronousPaletteUpdates: 0
  SynchronousPaletteUpdates: 0
  SynchronousPaletteUpdates: 0
  SynchronousPaletteUpdates: 0
  SynchronousPaletteUpdates: 0
  SynchronousPaletteUpdates: 0
  SynchronousPaletteUpdates: 0
  SynchronousPaletteUpdates: 0
  SynchronousPaletteUpdates: 0
  SynchronousPaletteUpdates: 0
  SynchronousPaletteUpdates: 0
  SynchronousPaletteUpdates: 0
  SynchronousPaletteUpdates: 0
  SynchronousPaletteUpdates: 0
  SynchronousPaletteUpdates: 0
  SynchronousPaletteUpdates: 0
  SynchronousPaletteUpdates: 0
  SynchronousPaletteUpdates: 0
  SynchronousPaletteUpdates: 0
  RandROutputID: 656
  RandROutputID: 656
  RandROutputID: 656
  RandROutputID: 656
  RandROutputID: 656
  RandROutputID: 656
  RandROutputID: 656
  RandROutputID: 656
  RandROutputID: 656
  RandROutputID: 656
  RandROutputID: 656
  RandROutputID: 656
  RandROutputID: 656
  RandROutputID: 656
  RandROutputID: 656
  RandROutputID: 656
  RandROutputID: 656
  RandROutputID: 656
  RandROutputID: 656
  RandROutputID: 656
  RandROutputID: 656
  RandROutputID: 656
  RandROutputID: 656
  RandROutputID: 656
